


materialPath: E:\SteamLibrary\steamapps\common\GarrysMod\garrysmod\materials
Loading C:\Users\Tomasz\AndroidStudioProjects\challanger2\A2X_Khorinis_Source\BSP\a2xv2.vmf
ConVarRef mat_reduceparticles doesn't point to an existing ConVar
fixing up env_cubemap materials on brush sides...
0...1...2...3...4...5...6...7...8...9...10**** leaked ****
Entity beam_spotlight (-1270.19 3608.00 128.00) leaked!

FindPortalSide: Couldn't find a good match for which brush to assign to a portal near (8704.0 11264.0 1420.0)
Leaf 0 contents: 
Leaf 1 contents: CONTENTS_SOLID 
viscontents (node 0 contents ^ node 1 contents): CONTENTS_SOLID 
This means that none of the brushes in leaf 0 or 1 that touches the portal has CONTENTS_SOLID 
Check for a huge brush enclosing the coordinates above that has contents CONTENTS_SOLID 
Candidate brush IDs: 


FindPortalSide: Couldn't find a good match for which brush to assign to a portal near (9216.0 10752.0 1420.0)
Leaf 0 contents: 
Leaf 1 contents: CONTENTS_SOLID 
viscontents (node 0 contents ^ node 1 contents): CONTENTS_SOLID 
This means that none of the brushes in leaf 0 or 1 that touches the portal has CONTENTS_SOLID 
Check for a huge brush enclosing the coordinates above that has contents CONTENTS_SOLID 
Candidate brush IDs: 


FindPortalSide: Couldn't find a good match for which brush to assign to a portal near (9216.0 9728.0 1420.0)
Leaf 0 contents: 
Leaf 1 contents: CONTENTS_SOLID 
viscontents (node 0 contents ^ node 1 contents): CONTENTS_SOLID 
This means that none of the brushes in leaf 0 or 1 that touches the portal has CONTENTS_SOLID 
Check for a huge brush enclosing the coordinates above that has contents CONTENTS_SOLID 
Candidate brush IDs: 


FindPortalSide: Couldn't find a good match for which brush to assign to a portal near (8232.0 8192.0 -358.3)
Leaf 0 contents: CONTENTS_SOLID 
Leaf 1 contents: 
viscontents (node 0 contents ^ node 1 contents): CONTENTS_SOLID 
This means that none of the brushes in leaf 0 or 1 that touches the portal has CONTENTS_SOLID 
Check for a huge brush enclosing the coordinates above that has contents CONTENTS_SOLID 
Candidate brush IDs: 


FindPortalSide: Couldn't find a good match for which brush to assign to a portal near (8744.0 8192.0 -358.3)
Leaf 0 contents: CONTENTS_SOLID 
Leaf 1 contents: 
viscontents (node 0 contents ^ node 1 contents): CONTENTS_SOLID 
This means that none of the brushes in leaf 0 or 1 that touches the portal has CONTENTS_SOLID 
Check for a huge brush enclosing the coordinates above that has contents CONTENTS_SOLID 
Candidate brush IDs: 


FindPortalSide: Couldn't find a good match for which brush to assign to a portal near (8232.0 8192.0 1420.0)
Leaf 0 contents: CONTENTS_SOLID 
Leaf 1 contents: 
viscontents (node 0 contents ^ node 1 contents): CONTENTS_SOLID 
This means that none of the brushes in leaf 0 or 1 that touches the portal has CONTENTS_SOLID 
Check for a huge brush enclosing the coordinates above that has contents CONTENTS_SOLID 
Candidate brush IDs: 


FindPortalSide: Couldn't find a good match for which brush to assign to a portal near (8744.0 8192.0 1420.0)
Leaf 0 contents: CONTENTS_SOLID 
Leaf 1 contents: 
viscontents (node 0 contents ^ node 1 contents): CONTENTS_SOLID 
This means that none of the brushes in leaf 0 or 1 that touches the portal has CONTENTS_SOLID 
Check for a huge brush enclosing the coordinates above that has contents CONTENTS_SOLID 
Candidate brush IDs: 


FindPortalSide: Couldn't find a good match for which brush to assign to a portal near (8232.0 8192.0 3198.3)
Leaf 0 contents: CONTENTS_SOLID 
Leaf 1 contents: 
viscontents (node 0 contents ^ node 1 contents): CONTENTS_SOLID 
This means that none of the brushes in leaf 0 or 1 that touches the portal has CONTENTS_SOLID 
Check for a huge brush enclosing the coordinates above that has contents CONTENTS_SOLID 
Candidate brush IDs: 

*** Suppressing further FindPortalSide errors.... ***
Processing areas...done (0)
Building Faces...done (0)
FixTjuncs...
PruneNodes...
WriteBSP...
done (1)
Creating default LDR cubemaps for env_cubemap using skybox materials:
   skybox/sky_day01_01*.vmt
 ! Run buildcubemaps in the engine to get the correct cube maps.
Creating default HDR cubemaps for env_cubemap using skybox materials:
   skybox/sky_day01_01*.vmt
 ! Run buildcubemaps in the engine to get the correct cube maps.
Finding displacement neighbors...
Finding lightmap sample positions...
Displacement Alpha : 0...1...2...3...4...5...6...7...8...9...10
Building Physics collision data...
done (0) (297872 bytes)
Placing detail props : 0...1...2...3...4...5...6...7...8...9...10
Compacting texture/material tables...
Reduced 684 texinfos to 263
Reduced 6 texdatas to 6 (125 bytes to 125)
Writing C:\Users\Tomasz\AndroidStudioProjects\challanger2\A2X_Khorinis_Source\BSP\a2xv2.bsp
1 second elapsed



12 threads
reading c:\users\tomasz\androidstudioprojects\challanger2\a2x_khorinis_source\bsp\a2xv2.bsp
reading c:\users\tomasz\androidstudioprojects\challanger2\a2x_khorinis_source\bsp\a2xv2.prt
LoadPortals: couldn't read c:\users\tomasz\androidstudioprojects\challanger2\a2x_khorinis_source\bsp\a2xv2.prt



[Reading texlights from 'lights.rad']
[45 texlights parsed from 'lights.rad']

Loading c:\users\tomasz\androidstudioprojects\challanger2\a2x_khorinis_source\bsp\a2xv2.bsp
PREP OK
No vis information, direct lighting only.
7019 faces
17 degenerate faces
7125587 square feet [1026084608.00 square inches]
0 Displacements
0 Square Feet [0.00 Square Inches]
0 direct lights
0...1...2...3...4...5...6...7...8...9...10Build Patch/Sample Hash Table(s).....Done<0.0111 sec>
0...1...2...3...4...5...6...7...8...9...10FinalLightFace Done
0 of 0 (0% of) surface lights went in leaf ambient cubes.
0...1...2...3...4...5...6...7...8...9...10Writing leaf ambient...done
Ready to Finish

Object names       Objects/Maxobjs  Memory / Maxmem  Fullness 
------------       ---------------  ---------------  -------- 
models                   1/4096           48/196608   ( 0.0%) 
brushes                773/16384        9276/196608   ( 4.7%) 
brushsides           11089/163840      88712/1310720  ( 6.8%) 
planes               15266/65536      305320/1310720  (23.3%) 
vertexes             11820/65536      141840/786432   (18.0%) 
nodes                 7822/65536      250304/2097152  (11.9%) 
texinfos               263/12288       18936/884736   ( 2.1%) 
texdata                  6/2048          192/65536    ( 0.3%) 
dispinfos                0/0               0/0        ( 0.0%) 
disp_verts               0/0               0/0        ( 0.0%) 
disp_tris                0/0               0/0        ( 0.0%) 
disp_lmsamples           0/0               0/0        ( 0.0%) 
faces                 7019/65536      393064/3670016  (10.7%) 
hdr faces                0/65536           0/3670016  ( 0.0%) 
origfaces             2108/65536      118048/3670016  ( 3.2%) 
leaves                7824/65536      250368/2097152  (11.9%) 
leaffaces             7869/65536       15738/131072   (12.0%) 
leafbrushes           4713/65536        9426/131072   ( 7.2%) 
areas                    2/1024           16/8192     ( 0.2%) 
surfedges            41631/512000     166524/2048000  ( 8.1%) 
edges                23041/256000      92164/1024000  ( 9.0%) 
LDR worldlights          0/8192            0/720896   ( 0.0%) 
HDR worldlights          0/8192            0/720896   ( 0.0%) 
leafwaterdata            0/32768           0/393216   ( 0.0%) 
waterstrips            746/32768        7460/327680   ( 2.3%) 
waterverts               0/65536           0/786432   ( 0.0%) 
waterindices         12108/65536       24216/131072   (18.5%) 
cubemapsamples           0/1024            0/16384    ( 0.0%) 
overlays                 0/1024            0/360448   ( 0.0%) 
LDR lightdata         [variable]     2052808/0        ( 0.0%) 
HDR lightdata         [variable]           0/0        ( 0.0%) 
visdata               [variable]           0/16777216 ( 0.0%) 
entdata               [variable]         974/393216   ( 0.2%) 
LDR ambient table     7824/65536       31296/262144   (11.9%) 
HDR ambient table     7824/65536       31296/262144   (11.9%) 
LDR leaf ambient      5043/65536      141204/1835008  ( 7.7%) 
HDR leaf ambient      7824/65536      219072/1835008  (11.9%) 
occluders                0/0               0/0        ( 0.0%) 
occluder polygons        0/0               0/0        ( 0.0%) 
occluder vert ind        0/0               0/0        ( 0.0%) 
detail props          [variable]           1/12       ( 8.3%) 
static props          [variable]           1/208      ( 0.5%) 
pakfile               [variable]      105651/0        ( 0.0%) 
physics               [variable]      297872/4194304  ( 7.1%) 
physics terrain       [variable]           2/1048576  ( 0.0%) 

Level flags = 0

Total triangle count: 19081
Writing c:\users\tomasz\androidstudioprojects\challanger2\a2x_khorinis_source\bsp\a2xv2.bsp
21 seconds elapsed



materialPath: E:\SteamLibrary\steamapps\common\GarrysMod\garrysmod\materials
Loading C:\Users\Tomasz\AndroidStudioProjects\challanger2\A2X_Khorinis_Source\BSP\a2xv2.vmf
ConVarRef mat_reduceparticles doesn't point to an existing ConVar
fixing up env_cubemap materials on brush sides...
0...1...2...3...4...5...6...7...8...9...10**** leaked ****
Entity beam_spotlight (-1270.19 3608.00 128.00) leaked!

FindPortalSide: Couldn't find a good match for which brush to assign to a portal near (8704.0 11264.0 1420.0)
Leaf 0 contents: 
Leaf 1 contents: CONTENTS_SOLID 
viscontents (node 0 contents ^ node 1 contents): CONTENTS_SOLID 
This means that none of the brushes in leaf 0 or 1 that touches the portal has CONTENTS_SOLID 
Check for a huge brush enclosing the coordinates above that has contents CONTENTS_SOLID 
Candidate brush IDs: 


FindPortalSide: Couldn't find a good match for which brush to assign to a portal near (9216.0 10752.0 1420.0)
Leaf 0 contents: 
Leaf 1 contents: CONTENTS_SOLID 
viscontents (node 0 contents ^ node 1 contents): CONTENTS_SOLID 
This means that none of the brushes in leaf 0 or 1 that touches the portal has CONTENTS_SOLID 
Check for a huge brush enclosing the coordinates above that has contents CONTENTS_SOLID 
Candidate brush IDs: 


FindPortalSide: Couldn't find a good match for which brush to assign to a portal near (9216.0 9728.0 1420.0)
Leaf 0 contents: 
Leaf 1 contents: CONTENTS_SOLID 
viscontents (node 0 contents ^ node 1 contents): CONTENTS_SOLID 
This means that none of the brushes in leaf 0 or 1 that touches the portal has CONTENTS_SOLID 
Check for a huge brush enclosing the coordinates above that has contents CONTENTS_SOLID 
Candidate brush IDs: 


FindPortalSide: Couldn't find a good match for which brush to assign to a portal near (8232.0 8192.0 -358.3)
Leaf 0 contents: CONTENTS_SOLID 
Leaf 1 contents: 
viscontents (node 0 contents ^ node 1 contents): CONTENTS_SOLID 
This means that none of the brushes in leaf 0 or 1 that touches the portal has CONTENTS_SOLID 
Check for a huge brush enclosing the coordinates above that has contents CONTENTS_SOLID 
Candidate brush IDs: 


FindPortalSide: Couldn't find a good match for which brush to assign to a portal near (8744.0 8192.0 -358.3)
Leaf 0 contents: CONTENTS_SOLID 
Leaf 1 contents: 
viscontents (node 0 contents ^ node 1 contents): CONTENTS_SOLID 
This means that none of the brushes in leaf 0 or 1 that touches the portal has CONTENTS_SOLID 
Check for a huge brush enclosing the coordinates above that has contents CONTENTS_SOLID 
Candidate brush IDs: 


FindPortalSide: Couldn't find a good match for which brush to assign to a portal near (8232.0 8192.0 1420.0)
Leaf 0 contents: CONTENTS_SOLID 
Leaf 1 contents: 
viscontents (node 0 contents ^ node 1 contents): CONTENTS_SOLID 
This means that none of the brushes in leaf 0 or 1 that touches the portal has CONTENTS_SOLID 
Check for a huge brush enclosing the coordinates above that has contents CONTENTS_SOLID 
Candidate brush IDs: 


FindPortalSide: Couldn't find a good match for which brush to assign to a portal near (8744.0 8192.0 1420.0)
Leaf 0 contents: CONTENTS_SOLID 
Leaf 1 contents: 
viscontents (node 0 contents ^ node 1 contents): CONTENTS_SOLID 
This means that none of the brushes in leaf 0 or 1 that touches the portal has CONTENTS_SOLID 
Check for a huge brush enclosing the coordinates above that has contents CONTENTS_SOLID 
Candidate brush IDs: 


FindPortalSide: Couldn't find a good match for which brush to assign to a portal near (8232.0 8192.0 3198.3)
Leaf 0 contents: CONTENTS_SOLID 
Leaf 1 contents: 
viscontents (node 0 contents ^ node 1 contents): CONTENTS_SOLID 
This means that none of the brushes in leaf 0 or 1 that touches the portal has CONTENTS_SOLID 
Check for a huge brush enclosing the coordinates above that has contents CONTENTS_SOLID 
Candidate brush IDs: 

*** Suppressing further FindPortalSide errors.... ***
Processing areas...done (0)
Building Faces...done (0)
FixTjuncs...
PruneNodes...
WriteBSP...
done (1)
Creating default LDR cubemaps for env_cubemap using skybox materials:
   skybox/sky_day01_01*.vmt
 ! Run buildcubemaps in the engine to get the correct cube maps.
Creating default HDR cubemaps for env_cubemap using skybox materials:
   skybox/sky_day01_01*.vmt
 ! Run buildcubemaps in the engine to get the correct cube maps.
Finding displacement neighbors...
Finding lightmap sample positions...
Displacement Alpha : 0...1...2...3...4...5...6...7...8...9...10
Building Physics collision data...
done (0) (333232 bytes)
Placing detail props : 0...1...2...3...4...5...6...7...8...9...10
Compacting texture/material tables...
Reduced 774 texinfos to 278
Reduced 6 texdatas to 6 (125 bytes to 125)
Writing C:\Users\Tomasz\AndroidStudioProjects\challanger2\A2X_Khorinis_Source\BSP\a2xv2.bsp
1 second elapsed



12 threads
reading c:\users\tomasz\androidstudioprojects\challanger2\a2x_khorinis_source\bsp\a2xv2.bsp
reading c:\users\tomasz\androidstudioprojects\challanger2\a2x_khorinis_source\bsp\a2xv2.prt
LoadPortals: couldn't read c:\users\tomasz\androidstudioprojects\challanger2\a2x_khorinis_source\bsp\a2xv2.prt



[Reading texlights from 'lights.rad']
[45 texlights parsed from 'lights.rad']

Loading c:\users\tomasz\androidstudioprojects\challanger2\a2x_khorinis_source\bsp\a2xv2.bsp
PREP OK
No vis information, direct lighting only.
8048 faces
19 degenerate faces
7151022 square feet [1029747200.00 square inches]
0 Displacements
0 Square Feet [0.00 Square Inches]
0 direct lights
0...1...2...3...4...5...6...7...8...9...10Build Patch/Sample Hash Table(s).....Done<0.0121 sec>
0...1...2...3...4...5...6...7...8...9...10FinalLightFace Done
0 of 0 (0% of) surface lights went in leaf ambient cubes.
0...1...2...3...4...5...6...7...8...9...10Writing leaf ambient...done
Ready to Finish

Object names       Objects/Maxobjs  Memory / Maxmem  Fullness 
------------       ---------------  ---------------  -------- 
models                   1/4096           48/196608   ( 0.0%) 
brushes                865/16384       10380/196608   ( 5.3%) 
brushsides           12810/163840     102480/1310720  ( 7.8%) 
planes               17744/65536      354880/1310720  (27.1%) 
vertexes             13287/65536      159444/786432   (20.3%) 
nodes                 8894/65536      284608/2097152  (13.6%) 
texinfos               278/12288       20016/884736   ( 2.3%) 
texdata                  6/2048          192/65536    ( 0.3%) 
dispinfos                0/0               0/0        ( 0.0%) 
disp_verts               0/0               0/0        ( 0.0%) 
disp_tris                0/0               0/0        ( 0.0%) 
disp_lmsamples           0/0               0/0        ( 0.0%) 
faces                 8048/65536      450688/3670016  (12.3%) 
hdr faces                0/65536           0/3670016  ( 0.0%) 
origfaces             2407/65536      134792/3670016  ( 3.7%) 
leaves                8896/65536      284672/2097152  (13.6%) 
leaffaces             9041/65536       18082/131072   (13.8%) 
leafbrushes           5584/65536       11168/131072   ( 8.5%) 
areas                    2/1024           16/8192     ( 0.2%) 
surfedges            47764/512000     191056/2048000  ( 9.3%) 
edges                26390/256000     105560/1024000  (10.3%) 
LDR worldlights          0/8192            0/720896   ( 0.0%) 
HDR worldlights          0/8192            0/720896   ( 0.0%) 
leafwaterdata            0/32768           0/393216   ( 0.0%) 
waterstrips            839/32768        8390/327680   ( 2.6%) 
waterverts               0/65536           0/786432   ( 0.0%) 
waterindices         13530/65536       27060/131072   (20.6%) 
cubemapsamples           0/1024            0/16384    ( 0.0%) 
overlays                 0/1024            0/360448   ( 0.0%) 
LDR lightdata         [variable]     2220108/0        ( 0.0%) 
HDR lightdata         [variable]           0/0        ( 0.0%) 
visdata               [variable]           0/16777216 ( 0.0%) 
entdata               [variable]        1084/393216   ( 0.3%) 
LDR ambient table     8896/65536       35584/262144   (13.6%) 
HDR ambient table     8896/65536       35584/262144   (13.6%) 
LDR leaf ambient      5551/65536      155428/1835008  ( 8.5%) 
HDR leaf ambient      8896/65536      249088/1835008  (13.6%) 
occluders                0/0               0/0        ( 0.0%) 
occluder polygons        0/0               0/0        ( 0.0%) 
occluder vert ind        0/0               0/0        ( 0.0%) 
detail props          [variable]           1/12       ( 8.3%) 
static props          [variable]           1/208      ( 0.5%) 
pakfile               [variable]      105651/0        ( 0.0%) 
physics               [variable]      333232/4194304  ( 7.9%) 
physics terrain       [variable]           2/1048576  ( 0.0%) 

Level flags = 0

Total triangle count: 21954
Writing c:\users\tomasz\androidstudioprojects\challanger2\a2x_khorinis_source\bsp\a2xv2.bsp
23 seconds elapsed



materialPath: E:\SteamLibrary\steamapps\common\GarrysMod\garrysmod\materials
Loading C:\Users\Tomasz\AndroidStudioProjects\challanger2\A2X_Khorinis_Source\BSP\a2xv2.vmf
ConVarRef mat_reduceparticles doesn't point to an existing ConVar
fixing up env_cubemap materials on brush sides...
0...1...2...3...4...5...6...7...8...9...10**** leaked ****
Entity beam_spotlight (-1270.19 3608.00 128.00) leaked!
Processing areas...done (0)
Building Faces...done (0)
FixTjuncs...
PruneNodes...
WriteBSP...
done (0)
Creating default LDR cubemaps for env_cubemap using skybox materials:
   skybox/sky_day01_01*.vmt
 ! Run buildcubemaps in the engine to get the correct cube maps.
Creating default HDR cubemaps for env_cubemap using skybox materials:
   skybox/sky_day01_01*.vmt
 ! Run buildcubemaps in the engine to get the correct cube maps.
Finding displacement neighbors...
Finding lightmap sample positions...
Displacement Alpha : 0...1...2...3...4...5...6...7...8...9...10
Building Physics collision data...
done (0) (250685 bytes)
Placing detail props : 0...1...2...3...4...5...6...7...8...9...10
Compacting texture/material tables...
Reduced 625 texinfos to 272
Reduced 6 texdatas to 6 (125 bytes to 125)
Writing C:\Users\Tomasz\AndroidStudioProjects\challanger2\A2X_Khorinis_Source\BSP\a2xv2.bsp
0 seconds elapsed



12 threads
reading c:\users\tomasz\androidstudioprojects\challanger2\a2x_khorinis_source\bsp\a2xv2.bsp
reading c:\users\tomasz\androidstudioprojects\challanger2\a2x_khorinis_source\bsp\a2xv2.prt
LoadPortals: couldn't read c:\users\tomasz\androidstudioprojects\challanger2\a2x_khorinis_source\bsp\a2xv2.prt



[Reading texlights from 'lights.rad']
[45 texlights parsed from 'lights.rad']

Loading c:\users\tomasz\androidstudioprojects\challanger2\a2x_khorinis_source\bsp\a2xv2.bsp
PREP OK
No vis information, direct lighting only.
7634 faces
20 degenerate faces
5390432 square feet [776222272.00 square inches]
0 Displacements
0 Square Feet [0.00 Square Inches]
0 direct lights
0...1...2...3...4...5...6...7...8...9...10Build Patch/Sample Hash Table(s).....Done<0.0117 sec>
0...1...2...3...4...5...6...7...8...9...10FinalLightFace Done
0 of 0 (0% of) surface lights went in leaf ambient cubes.
0...1...2...3...4...5...6...7...8...9...10Writing leaf ambient...done
Ready to Finish

Object names       Objects/Maxobjs  Memory / Maxmem  Fullness 
------------       ---------------  ---------------  -------- 
models                   1/4096           48/196608   ( 0.0%) 
brushes                638/16384        7656/196608   ( 3.9%) 
brushsides            9947/163840      79576/1310720  ( 6.1%) 
planes               14404/65536      288080/1310720  (22.0%) 
vertexes             10856/65536      130272/786432   (16.6%) 
nodes                 7217/65536      230944/2097152  (11.0%) 
texinfos               272/12288       19584/884736   ( 2.2%) 
texdata                  6/2048          192/65536    ( 0.3%) 
dispinfos                0/0               0/0        ( 0.0%) 
disp_verts               0/0               0/0        ( 0.0%) 
disp_tris                0/0               0/0        ( 0.0%) 
disp_lmsamples           0/0               0/0        ( 0.0%) 
faces                 7634/65536      427504/3670016  (11.6%) 
hdr faces                0/65536           0/3670016  ( 0.0%) 
origfaces             2278/65536      127568/3670016  ( 3.5%) 
leaves                7219/65536      231008/2097152  (11.0%) 
leaffaces             8460/65536       16920/131072   (12.9%) 
leafbrushes           4551/65536        9102/131072   ( 6.9%) 
areas                    2/1024           16/8192     ( 0.2%) 
surfedges            45366/512000     181464/2048000  ( 8.9%) 
edges                25025/256000     100100/1024000  ( 9.8%) 
LDR worldlights          0/8192            0/720896   ( 0.0%) 
HDR worldlights          0/8192            0/720896   ( 0.0%) 
leafwaterdata            0/32768           0/393216   ( 0.0%) 
waterstrips            657/32768        6570/327680   ( 2.0%) 
waterverts               0/65536           0/786432   ( 0.0%) 
waterindices         10284/65536       20568/131072   (15.7%) 
cubemapsamples           0/1024            0/16384    ( 0.0%) 
overlays                 0/1024            0/360448   ( 0.0%) 
LDR lightdata         [variable]     2016428/0        ( 0.0%) 
HDR lightdata         [variable]           0/0        ( 0.0%) 
visdata               [variable]           0/16777216 ( 0.0%) 
entdata               [variable]        1182/393216   ( 0.3%) 
LDR ambient table     7219/65536       28876/262144   (11.0%) 
HDR ambient table     7219/65536       28876/262144   (11.0%) 
LDR leaf ambient      4586/65536      128408/1835008  ( 7.0%) 
HDR leaf ambient      7219/65536      202132/1835008  (11.0%) 
occluders                0/0               0/0        ( 0.0%) 
occluder polygons        0/0               0/0        ( 0.0%) 
occluder vert ind        0/0               0/0        ( 0.0%) 
detail props          [variable]           1/12       ( 8.3%) 
static props          [variable]           1/208      ( 0.5%) 
pakfile               [variable]      105651/0        ( 0.0%) 
physics               [variable]      250685/4194304  ( 6.0%) 
physics terrain       [variable]           2/1048576  ( 0.0%) 

Level flags = 0

Total triangle count: 20874
Writing c:\users\tomasz\androidstudioprojects\challanger2\a2x_khorinis_source\bsp\a2xv2.bsp
18 seconds elapsed
